<?xml version="1.0" encoding="UTF-8"?>
<testng-results skipped="0" failed="0" ignored="0" total="2" passed="2">
  <reporter-output>
  </reporter-output>
  <suite name="Default suite" duration-ms="31337" started-at="2019-10-17T10:25:24Z" finished-at="2019-10-17T10:25:56Z">
    <groups>
    </groups>
    <test name="Default test" duration-ms="31337" started-at="2019-10-17T10:25:24Z" finished-at="2019-10-17T10:25:56Z">
      <class name="com.tests.FirstTest">
        <test-method status="PASS" signature="Test1()[pri:0, instance:com.tests.FirstTest@26be92ad]" name="Test1" duration-ms="15193" started-at="2019-10-17T10:25:24Z" finished-at="2019-10-17T10:25:39Z">
          <reporter-output>
          </reporter-output>
        </test-method> <!-- Test1 -->
        <test-method status="PASS" signature="Test2()[pri:0, instance:com.tests.FirstTest@26be92ad]" name="Test2" duration-ms="16089" started-at="2019-10-17T10:25:39Z" finished-at="2019-10-17T10:25:56Z">
          <reporter-output>
          </reporter-output>
        </test-method> <!-- Test2 -->
      </class> <!-- com.tests.FirstTest -->
    </test> <!-- Default test -->
  </suite> <!-- Default suite -->
</testng-results>
